#
# There is insufficient memory for the Java Runtime Environment to continue.
# Native memory allocation (malloc) failed to allocate 852496 bytes for Chunk::new
# Possible reasons:
#   The system is out of physical RAM or swap space
#   In 32 bit mode, the process size limit was hit
# Possible solutions:
#   Reduce memory load on the system
#   Increase physical memory or swap space
#   Check if swap backing store is full
#   Use 64 bit Java on a 64 bit OS
#   Decrease Java heap size (-Xmx/-Xms)
#   Decrease number of Java threads
#   Decrease Java thread stack sizes (-Xss)
#   Set larger code cache with -XX:ReservedCodeCacheSize=
# This output file may be truncated or incomplete.
#
#  Out of Memory Error (allocation.cpp:388), pid=9072, tid=8160
#
# JRE version: Java(TM) SE Runtime Environment (8.0_05-b13) (build 1.8.0_05-b13)
# Java VM: Java HotSpot(TM) 64-Bit Server VM (25.5-b02 mixed mode windows-amd64 compressed oops)
# Failed to write core dump. Minidumps are not enabled by default on client versions of Windows
#

---------------  T H R E A D  ---------------

Current thread (0x00000000131a7800):  JavaThread "C2 CompilerThread0" daemon [_thread_in_native, id=8160, stack(0x00000000137b0000,0x00000000138b0000)]

Stack: [0x00000000137b0000,0x00000000138b0000]
Native frames: (J=compiled Java code, j=interpreted, Vv=VM code, C=native code)
V  [jvm.dll+0x308dea]
V  [jvm.dll+0x25def1]
V  [jvm.dll+0x25eb0f]
V  [jvm.dll+0x2564e5]
V  [jvm.dll+0xbcfc5]
V  [jvm.dll+0xbd45c]
V  [jvm.dll+0x44d422]
V  [jvm.dll+0x48e13f]
V  [jvm.dll+0x44293e]
V  [jvm.dll+0x44366b]
V  [jvm.dll+0x427532]
V  [jvm.dll+0x96702]
V  [jvm.dll+0x96ef3]
V  [jvm.dll+0x2232c4]
V  [jvm.dll+0x27baca]
C  [msvcr100.dll+0x21d9f]
C  [msvcr100.dll+0x21e3b]
C  [KERNEL32.DLL+0x17034]
C  [ntdll.dll+0x52651]


Current CompileTask:
C2:   1026  893   !   4       com.sun.org.apache.xerces.internal.parsers.AbstractSAXParser::startElement (318 bytes)


---------------  P R O C E S S  ---------------

Java Threads: ( => current thread )
  0x0000000013220800 JavaThread "Service Thread" daemon [_thread_blocked, id=376, stack(0x0000000013ab0000,0x0000000013bb0000)]
  0x00000000131bc000 JavaThread "C1 CompilerThread2" daemon [_thread_blocked, id=9192, stack(0x00000000139b0000,0x0000000013ab0000)]
  0x00000000131af000 JavaThread "C2 CompilerThread1" daemon [_thread_in_native, id=6828, stack(0x00000000138b0000,0x00000000139b0000)]
=>0x00000000131a7800 JavaThread "C2 CompilerThread0" daemon [_thread_in_native, id=8160, stack(0x00000000137b0000,0x00000000138b0000)]
  0x00000000131a6800 JavaThread "Attach Listener" daemon [_thread_blocked, id=15016, stack(0x00000000136b0000,0x00000000137b0000)]
  0x00000000131a2800 JavaThread "Signal Dispatcher" daemon [_thread_blocked, id=10824, stack(0x00000000135b0000,0x00000000136b0000)]
  0x0000000013160800 JavaThread "Finalizer" daemon [_thread_blocked, id=12040, stack(0x00000000134b0000,0x00000000135b0000)]
  0x000000001315f000 JavaThread "Reference Handler" daemon [_thread_blocked, id=7172, stack(0x00000000133b0000,0x00000000134b0000)]
  0x0000000002f05800 JavaThread "main" [_thread_in_vm, id=13332, stack(0x0000000002e00000,0x0000000002f00000)]

Other Threads:
  0x0000000013159000 VMThread [stack: 0x00000000132b0000,0x00000000133b0000] [id=12368]
  0x0000000013243800 WatcherThread [stack: 0x0000000013bb0000,0x0000000013cb0000] [id=9484]

VM state:not at safepoint (normal execution)

VM Mutex/Monitor currently owned by a thread: None

Heap:
 def new generation   total 1152K, used 513K [0x00000000a2400000, 0x00000000a2540000, 0x00000000c1800000)
  eden space 1024K,  38% used [0x00000000a2400000, 0x00000000a2467a88, 0x00000000a2500000)
  from space 128K,  93% used [0x00000000a2500000, 0x00000000a251dfb8, 0x00000000a2520000)
  to   space 128K,   0% used [0x00000000a2520000, 0x00000000a2520000, 0x00000000a2540000)
 tenured generation   total 127744K, used 11766K [0x00000000c1800000, 0x00000000c94c0000, 0x0000000100000000)
   the space 127744K,   9% used [0x00000000c1800000, 0x00000000c237d960, 0x00000000c237da00, 0x00000000c94c0000)
 Metaspace       used 8214K, capacity 8416K, committed 8448K, reserved 1056768K
  class space    used 907K, capacity 992K, committed 1024K, reserved 1048576K

Card table byte_map: [0x00000000123c0000,0x00000000126b0000] byte_map_base: 0x0000000011eae000

Polling page: 0x0000000002b90000

CodeCache: size=245760Kb used=3812Kb max_used=3812Kb free=241947Kb
 bounds [0x0000000003000000, 0x00000000033c0000, 0x0000000012000000]
 total_blobs=1252 nmethods=946 adapters=220
 compilation: enabled

Compilation events (10 events):
Event: 0.996 Thread 0x00000000131bc000 nmethod 928 0x00000000033a7e50 code [0x00000000033a7fc0, 0x00000000033a81b0]
Event: 0.996 Thread 0x00000000131bc000  929       2       com.altera.sopclibrary.conan.Catalog$2::compare (6 bytes)
Event: 0.996 Thread 0x00000000131bc000 nmethod 929 0x00000000033a8310 code [0x00000000033a8460, 0x00000000033a85f0]
Event: 0.996 Thread 0x00000000131bc000  930       2       java.util.TreeMap::leftOf (13 bytes)
Event: 0.996 Thread 0x00000000131bc000 nmethod 930 0x00000000033a86d0 code [0x00000000033a8820, 0x00000000033a8970]
Event: 0.996 Thread 0x00000000131bc000  931       2       java.util.ArrayList::addAll (54 bytes)
Event: 0.997 Thread 0x00000000131bc000 nmethod 931 0x00000000033a8dd0 code [0x00000000033a8f60, 0x00000000033a92e8]
Event: 0.997 Thread 0x00000000131bc000  933       2       com.altera.utilities.AltFile::isAbsolute (112 bytes)
Event: 0.997 Thread 0x00000000131bc000 nmethod 933 0x00000000033a9450 code [0x00000000033a95e0, 0x00000000033a9a48]
Event: 0.997 Thread 0x00000000131bc000  935       2       org.apache.commons.lang3.StringUtils::splitWorker (160 bytes)

GC Heap History (10 events):
Event: 0.904 GC heap before
{Heap before GC invocations=34 (full 0):
 def new generation   total 1152K, used 1152K [0x00000000a2400000, 0x00000000a2540000, 0x00000000c1800000)
  eden space 1024K, 100% used [0x00000000a2400000, 0x00000000a2500000, 0x00000000a2500000)
  from space 128K, 100% used [0x00000000a2500000, 0x00000000a2520000, 0x00000000a2520000)
  to   space 128K,   0% used [0x00000000a2520000, 0x00000000a2520000, 0x00000000a2540000)
 tenured generation   total 127744K, used 7327K [0x00000000c1800000, 0x00000000c94c0000, 0x0000000100000000)
   the space 127744K,   5% used [0x00000000c1800000, 0x00000000c1f27c80, 0x00000000c1f27e00, 0x00000000c94c0000)
 Metaspace       used 8143K, capacity 8352K, committed 8448K, reserved 1056768K
  class space    used 903K, capacity 992K, committed 1024K, reserved 1048576K
Event: 0.907 GC heap after
Heap after GC invocations=35 (full 0):
 def new generation   total 1152K, used 127K [0x00000000a2400000, 0x00000000a2540000, 0x00000000c1800000)
  eden space 1024K,   0% used [0x00000000a2400000, 0x00000000a2400000, 0x00000000a2500000)
  from space 128K,  99% used [0x00000000a2520000, 0x00000000a253fff8, 0x00000000a2540000)
  to   space 128K,   0% used [0x00000000a2500000, 0x00000000a2500000, 0x00000000a2520000)
 tenured generation   total 127744K, used 8268K [0x00000000c1800000, 0x00000000c94c0000, 0x0000000100000000)
   the space 127744K,   6% used [0x00000000c1800000, 0x00000000c2013228, 0x00000000c2013400, 0x00000000c94c0000)
 Metaspace       used 8143K, capacity 8352K, committed 8448K, reserved 1056768K
  class space    used 903K, capacity 992K, committed 1024K, reserved 1048576K
}
Event: 0.918 GC heap before
{Heap before GC invocations=35 (full 0):
 def new generation   total 1152K, used 1151K [0x00000000a2400000, 0x00000000a2540000, 0x00000000c1800000)
  eden space 1024K, 100% used [0x00000000a2400000, 0x00000000a2500000, 0x00000000a2500000)
  from space 128K,  99% used [0x00000000a2520000, 0x00000000a253fff8, 0x00000000a2540000)
  to   space 128K,   0% used [0x00000000a2500000, 0x00000000a2500000, 0x00000000a2520000)
 tenured generation   total 127744K, used 8268K [0x00000000c1800000, 0x00000000c94c0000, 0x0000000100000000)
   the space 127744K,   6% used [0x00000000c1800000, 0x00000000c2013228, 0x00000000c2013400, 0x00000000c94c0000)
 Metaspace       used 8143K, capacity 8352K, committed 8448K, reserved 1056768K
  class space    used 903K, capacity 992K, committed 1024K, reserved 1048576K
Event: 0.920 GC heap after
Heap after GC invocations=36 (full 0):
 def new generation   total 1152K, used 128K [0x00000000a2400000, 0x00000000a2540000, 0x00000000c1800000)
  eden space 1024K,   0% used [0x00000000a2400000, 0x00000000a2400000, 0x00000000a2500000)
  from space 128K, 100% used [0x00000000a2500000, 0x00000000a2520000, 0x00000000a2520000)
  to   space 128K,   0% used [0x00000000a2520000, 0x00000000a2520000, 0x00000000a2540000)
 tenured generation   total 127744K, used 9213K [0x00000000c1800000, 0x00000000c94c0000, 0x0000000100000000)
   the space 127744K,   7% used [0x00000000c1800000, 0x00000000c20ff5c0, 0x00000000c20ff600, 0x00000000c94c0000)
 Metaspace       used 8143K, capacity 8352K, committed 8448K, reserved 1056768K
  class space    used 903K, capacity 992K, committed 1024K, reserved 1048576K
}
Event: 0.928 GC heap before
{Heap before GC invocations=36 (full 0):
 def new generation   total 1152K, used 1152K [0x00000000a2400000, 0x00000000a2540000, 0x00000000c1800000)
  eden space 1024K, 100% used [0x00000000a2400000, 0x00000000a2500000, 0x00000000a2500000)
  from space 128K, 100% used [0x00000000a2500000, 0x00000000a2520000, 0x00000000a2520000)
  to   space 128K,   0% used [0x00000000a2520000, 0x00000000a2520000, 0x00000000a2540000)
 tenured generation   total 127744K, used 9213K [0x00000000c1800000, 0x00000000c94c0000, 0x0000000100000000)
   the space 127744K,   7% used [0x00000000c1800000, 0x00000000c20ff5c0, 0x00000000c20ff600, 0x00000000c94c0000)
 Metaspace       used 8143K, capacity 8352K, committed 8448K, reserved 1056768K
  class space    used 903K, capacity 992K, committed 1024K, reserved 1048576K
Event: 0.931 GC heap after
Heap after GC invocations=37 (full 0):
 def new generation   total 1152K, used 128K [0x00000000a2400000, 0x00000000a2540000, 0x00000000c1800000)
  eden space 1024K,   0% used [0x00000000a2400000, 0x00000000a2400000, 0x00000000a2500000)
  from space 128K, 100% used [0x00000000a2520000, 0x00000000a2540000, 0x00000000a2540000)
  to   space 128K,   0% used [0x00000000a2500000, 0x00000000a2500000, 0x00000000a2520000)
 tenured generation   total 127744K, used 10156K [0x00000000c1800000, 0x00000000c94c0000, 0x0000000100000000)
   the space 127744K,   7% used [0x00000000c1800000, 0x00000000c21eb2f0, 0x00000000c21eb400, 0x00000000c94c0000)
 Metaspace       used 8143K, capacity 8352K, committed 8448K, reserved 1056768K
  class space    used 903K, capacity 992K, committed 1024K, reserved 1048576K
}
Event: 0.964 GC heap before
{Heap before GC invocations=37 (full 0):
 def new generation   total 1152K, used 1152K [0x00000000a2400000, 0x00000000a2540000, 0x00000000c1800000)
  eden space 1024K, 100% used [0x00000000a2400000, 0x00000000a2500000, 0x00000000a2500000)
  from space 128K, 100% used [0x00000000a2520000, 0x00000000a2540000, 0x00000000a2540000)
  to   space 128K,   0% used [0x00000000a2500000, 0x00000000a2500000, 0x00000000a2520000)
 tenured generation   total 127744K, used 10156K [0x00000000c1800000, 0x00000000c94c0000, 0x0000000100000000)
   the space 127744K,   7% used [0x00000000c1800000, 0x00000000c21eb2f0, 0x00000000c21eb400, 0x00000000c94c0000)
 Metaspace       used 8143K, capacity 8352K, committed 8448K, reserved 1056768K
  class space    used 903K, capacity 992K, committed 1024K, reserved 1048576K
Event: 0.967 GC heap after
Heap after GC invocations=38 (full 0):
 def new generation   total 1152K, used 128K [0x00000000a2400000, 0x00000000a2540000, 0x00000000c1800000)
  eden space 1024K,   0% used [0x00000000a2400000, 0x00000000a2400000, 0x00000000a2500000)
  from space 128K, 100% used [0x00000000a2500000, 0x00000000a2520000, 0x00000000a2520000)
  to   space 128K,   0% used [0x00000000a2520000, 0x00000000a2520000, 0x00000000a2540000)
 tenured generation   total 127744K, used 11102K [0x00000000c1800000, 0x00000000c94c0000, 0x0000000100000000)
   the space 127744K,   8% used [0x00000000c1800000, 0x00000000c22d7930, 0x00000000c22d7a00, 0x00000000c94c0000)
 Metaspace       used 8143K, capacity 8352K, committed 8448K, reserved 1056768K
  class space    used 903K, capacity 992K, committed 1024K, reserved 1048576K
}
Event: 0.985 GC heap before
{Heap before GC invocations=38 (full 0):
 def new generation   total 1152K, used 1152K [0x00000000a2400000, 0x00000000a2540000, 0x00000000c1800000)
  eden space 1024K, 100% used [0x00000000a2400000, 0x00000000a2500000, 0x00000000a2500000)
  from space 128K, 100% used [0x00000000a2500000, 0x00000000a2520000, 0x00000000a2520000)
  to   space 128K,   0% used [0x00000000a2520000, 0x00000000a2520000, 0x00000000a2540000)
 tenured generation   total 127744K, used 11102K [0x00000000c1800000, 0x00000000c94c0000, 0x0000000100000000)
   the space 127744K,   8% used [0x00000000c1800000, 0x00000000c22d7930, 0x00000000c22d7a00, 0x00000000c94c0000)
 Metaspace       used 8185K, capacity 8416K, committed 8448K, reserved 1056768K
  class space    used 905K, capacity 992K, committed 1024K, reserved 1048576K
Event: 0.988 GC heap after
Heap after GC invocations=39 (full 0):
 def new generation   total 1152K, used 128K [0x00000000a2400000, 0x00000000a2540000, 0x00000000c1800000)
  eden space 1024K,   0% used [0x00000000a2400000, 0x00000000a2400000, 0x00000000a2500000)
  from space 128K, 100% used [0x00000000a2520000, 0x00000000a2540000, 0x00000000a2540000)
  to   space 128K,   0% used [0x00000000a2500000, 0x00000000a2500000, 0x00000000a2520000)
 tenured generation   total 127744K, used 11640K [0x00000000c1800000, 0x00000000c94c0000, 0x0000000100000000)
   the space 127744K,   9% used [0x00000000c1800000, 0x00000000c235e000, 0x00000000c235e000, 0x00000000c94c0000)
 Metaspace       used 8185K, capacity 8416K, committed 8448K, reserved 1056768K
  class space    used 905K, capacity 992K, committed 1024K, reserved 1048576K
}

Deoptimization events (2 events):
Event: 0.447 Thread 0x0000000002f05800 Uncommon trap: reason=unloaded action=reinterpret pc=0x0000000003214190 method=sun.misc.URLClassPath$JarLoader.getResource(Ljava/lang/String;Z)Lsun/misc/Resource; @ 67
Event: 0.703 Thread 0x0000000002f05800 Uncommon trap: reason=unreached action=reinterpret pc=0x00000000031d7e10 method=java.lang.AbstractStringBuilder.append(Ljava/lang/String;)Ljava/lang/AbstractStringBuilder; @ 1

Internal exceptions (10 events):
Event: 0.995 Thread 0x0000000002f05800 Exception <a 'java/lang/ClassNotFoundException': > (0x00000000a244a8a8) thrown at [D:\re\workspace\8-2-build-windows-amd64-cygwin\jdk8u5\2488\hotspot\src\share\vm\prims\jni.cpp, line 742]
Event: 0.996 Thread 0x0000000002f05800 Exception <a 'java/lang/ClassNotFoundException': > (0x00000000a244ccd8) thrown at [D:\re\workspace\8-2-build-windows-amd64-cygwin\jdk8u5\2488\hotspot\src\share\vm\prims\jni.cpp, line 742]
Event: 0.996 Thread 0x0000000002f05800 Exception <a 'java/lang/ClassNotFoundException': > (0x00000000a244f130) thrown at [D:\re\workspace\8-2-build-windows-amd64-cygwin\jdk8u5\2488\hotspot\src\share\vm\prims\jni.cpp, line 742]
Event: 0.996 Thread 0x0000000002f05800 Exception <a 'java/lang/ClassNotFoundException': > (0x00000000a2451550) thrown at [D:\re\workspace\8-2-build-windows-amd64-cygwin\jdk8u5\2488\hotspot\src\share\vm\prims\jni.cpp, line 742]
Event: 0.996 Thread 0x0000000002f05800 Exception <a 'java/lang/ClassNotFoundException': > (0x00000000a24539b8) thrown at [D:\re\workspace\8-2-build-windows-amd64-cygwin\jdk8u5\2488\hotspot\src\share\vm\prims\jni.cpp, line 742]
Event: 0.997 Thread 0x0000000002f05800 Exception <a 'java/lang/ClassNotFoundException': > (0x00000000a2455df8) thrown at [D:\re\workspace\8-2-build-windows-amd64-cygwin\jdk8u5\2488\hotspot\src\share\vm\prims\jni.cpp, line 742]
Event: 0.997 Thread 0x0000000002f05800 Exception <a 'java/lang/ClassNotFoundException': > (0x00000000a2458220) thrown at [D:\re\workspace\8-2-build-windows-amd64-cygwin\jdk8u5\2488\hotspot\src\share\vm\prims\jni.cpp, line 742]
Event: 0.997 Thread 0x0000000002f05800 Exception <a 'java/lang/ClassNotFoundException': > (0x00000000a245a5d0) thrown at [D:\re\workspace\8-2-build-windows-amd64-cygwin\jdk8u5\2488\hotspot\src\share\vm\prims\jni.cpp, line 742]
Event: 0.997 Thread 0x0000000002f05800 Exception <a 'java/lang/ClassNotFoundException': > (0x00000000a245cf70) thrown at [D:\re\workspace\8-2-build-windows-amd64-cygwin\jdk8u5\2488\hotspot\src\share\vm\prims\jni.cpp, line 742]
Event: 0.997 Thread 0x0000000002f05800 Exception <a 'java/lang/ClassNotFoundException': > (0x00000000a245fb80) thrown at [D:\re\workspace\8-2-build-windows-amd64-cygwin\jdk8u5\2488\hotspot\src\share\vm\prims\jni.cpp, line 742]

Events (10 events):
Event: 0.985 loading class com/altera/entityinterfaces/elementclassext/IElementClassDocumentationInfo$IDocumentUrl$EDocType
Event: 0.985 loading class com/altera/entityinterfaces/elementclassext/IElementClassDocumentationInfo$IDocumentUrl$EDocType done
Event: 0.985 loading class com/altera/sopcmodel/util/DocumentUrl
Event: 0.985 loading class com/altera/sopcmodel/util/DocumentUrl done
Event: 0.985 Executing VM operation: GenCollectForAllocation
Event: 0.988 Executing VM operation: GenCollectForAllocation done
Event: 0.988 loading class com/altera/entityinterfaces/elementclassext/IElementClassDocumentationInfo$IDocumentUrl
Event: 0.988 loading class com/altera/entityinterfaces/elementclassext/IElementClassDocumentationInfo$IDocumentUrl done
Event: 0.994 loading class com/altera/sopcmodel/components/tclmodule/IJarWidgetFactory
Event: 0.994 loading class com/altera/sopcmodel/components/tclmodule/IJarWidgetFactory done


Dynamic libraries:
0x00007ff72fff0000 - 0x00007ff730024000 	D:\quartus\quartus\bin64\jre64\bin\java.exe
0x00007ffe39890000 - 0x00007ffe39a85000 	C:\WINDOWS\SYSTEM32\ntdll.dll
0x00007ffe38d30000 - 0x00007ffe38dee000 	C:\WINDOWS\System32\KERNEL32.DLL
0x00007ffe37220000 - 0x00007ffe374e9000 	C:\WINDOWS\System32\KERNELBASE.dll
0x00007ffe37e00000 - 0x00007ffe37eac000 	C:\WINDOWS\System32\ADVAPI32.dll
0x00007ffe378e0000 - 0x00007ffe3797e000 	C:\WINDOWS\System32\msvcrt.dll
0x00007ffe38a10000 - 0x00007ffe38aab000 	C:\WINDOWS\System32\sechost.dll
0x00007ffe39150000 - 0x00007ffe3927a000 	C:\WINDOWS\System32\RPCRT4.dll
0x00007ffe39280000 - 0x00007ffe39421000 	C:\WINDOWS\System32\USER32.dll
0x00007ffe377b0000 - 0x00007ffe377d2000 	C:\WINDOWS\System32\win32u.dll
0x00007ffe38f60000 - 0x00007ffe38f8b000 	C:\WINDOWS\System32\GDI32.dll
0x00007ffe374f0000 - 0x00007ffe375fb000 	C:\WINDOWS\System32\gdi32full.dll
0x00007ffe37060000 - 0x00007ffe370fd000 	C:\WINDOWS\System32\msvcp_win.dll
0x00007ffe377e0000 - 0x00007ffe378e0000 	C:\WINDOWS\System32\ucrtbase.dll
0x00007ffe19a40000 - 0x00007ffe19cda000 	C:\WINDOWS\WinSxS\amd64_microsoft.windows.common-controls_6595b64144ccf1df_6.0.19041.1110_none_60b5254171f9507e\COMCTL32.dll
0x00007ffe39820000 - 0x00007ffe39850000 	C:\WINDOWS\System32\IMM32.DLL
0x0000000052850000 - 0x0000000052922000 	D:\quartus\quartus\bin64\jre64\bin\msvcr100.dll
0x0000000051800000 - 0x000000005202a000 	D:\quartus\quartus\bin64\jre64\bin\server\jvm.dll
0x00007ffe38ef0000 - 0x00007ffe38ef8000 	C:\WINDOWS\System32\PSAPI.DLL
0x00007ffdf9050000 - 0x00007ffdf9059000 	C:\WINDOWS\SYSTEM32\WSOCK32.dll
0x00007ffe38e80000 - 0x00007ffe38eeb000 	C:\WINDOWS\System32\WS2_32.dll
0x00007ffe26130000 - 0x00007ffe26157000 	C:\WINDOWS\SYSTEM32\WINMM.dll
0x0000000052840000 - 0x000000005284f000 	D:\quartus\quartus\bin64\jre64\bin\verify.dll
0x0000000052810000 - 0x0000000052838000 	D:\quartus\quartus\bin64\jre64\bin\java.dll
0x00000000527f0000 - 0x0000000052806000 	D:\quartus\quartus\bin64\jre64\bin\zip.dll
0x00007ffe38270000 - 0x00007ffe389af000 	C:\WINDOWS\System32\SHELL32.dll
0x00007ffe350b0000 - 0x00007ffe35840000 	C:\WINDOWS\SYSTEM32\windows.storage.dll
0x00007ffe37f10000 - 0x00007ffe38265000 	C:\WINDOWS\System32\combase.dll
0x00007ffe36a00000 - 0x00007ffe36a2c000 	C:\WINDOWS\SYSTEM32\Wldp.dll
0x00007ffe390a0000 - 0x00007ffe3914d000 	C:\WINDOWS\System32\SHCORE.dll
0x00007ffe38f00000 - 0x00007ffe38f55000 	C:\WINDOWS\System32\shlwapi.dll
0x00007ffe36ef0000 - 0x00007ffe36f0f000 	C:\WINDOWS\SYSTEM32\profapi.dll
0x00007ffe1a0e0000 - 0x00007ffe1a268000 	D:\quartus\quartus\bin64\dbghelp.dll

VM Arguments:
jvm_args: -Xmx1500M -XX:+UseSerialGC 
java_command: com.altera.sopcmodel.sbtools.sbcatalog.SbCatalog --xml --project-directory= --search-path=$,D:\DD\final project\week1\quartus_ram,D:\DD\final project\week1\quartus_ram
java_class_path (initial): D:/quartus/quartus/sopc_builder/model/lib\Nlview.jar;D:/quartus/quartus/sopc_builder/model/lib\QuickServer.jar;D:/quartus/quartus/sopc_builder/model/lib\TableLayout.jar;D:/quartus/quartus/sopc_builder/model/lib\appframework-1.03.jar;D:/quartus/quartus/sopc_builder/model/lib\asm-3.1.jar;D:/quartus/quartus/sopc_builder/model/lib\asm-commons-3.1.jar;D:/quartus/quartus/sopc_builder/model/lib\basicmodel.jar;D:/quartus/quartus/sopc_builder/model/lib\beansbinding-1.2.1.jar;D:/quartus/quartus/sopc_builder/model/lib\binding-2.0.6.jar;D:/quartus/quartus/sopc_builder/model/lib\com.altera.componenteditor2.jar;D:/quartus/quartus/sopc_builder/model/lib\com.altera.embeddedsw.app_lib.jar;D:/quartus/quartus/sopc_builder/model/lib\com.altera.embeddedsw.bsp.editor.jar;D:/quartus/quartus/sopc_builder/model/lib\com.altera.embeddedsw.bsp.elements.jar;D:/quartus/quartus/sopc_builder/model/lib\com.altera.embeddedsw.bsp.jar;D:/quartus/quartus/sopc_builder/model/lib\com.altera.embeddedsw.bsp.plugin.core.jar;D:/quartus/quartus/sopc_builder/model/lib\com.altera.embeddedsw.bsp.plugin.hal.jar;D:/quartus/quartus/sopc_builder/model/lib\com.altera.embeddedsw.bsp.plugin.lwhal.jar;D:/quartus/quartus/sopc_builder/model/lib\com.altera.embeddedsw.bsp.schema.jar;D:/quartus/quartus/sopc_builder/model/lib\com.altera.embeddedsw.bsp.scripting.jar;D:/quartus/quartus/sopc_builder/model/lib\com.altera.embeddedsw.commandline.jar;D:/quartus/quartus/sopc_builder/model/lib\com.altera.embeddedsw.cpexample.jar;D:/quartus/quartus/sopc_builder/model/lib\com.altera.embeddedsw.flash.jar;D:/quartus/quartus/sopc_builder/model/lib\com.altera.embeddedsw.launch.jar;D:/quartus/quartus/sopc_builder/model/lib\com.altera.embeddedsw.swinfo.jar;D:/quartus/quartus/sopc_builder/model/lib\com.altera.embeddedsw.utilities.jar;D:/quartus/quartus/sopc_builder/model/lib\com.altera.entityinterfaces.jar;D:/quartus/quartus/sopc_builder/model/lib\com.altera.genman.jar;D:/quartus/quartus/sopc_builder/model/lib\com.a
Launcher Type: SUN_STANDARD

Environment Variables:
PATH=D:/quartus/quartus/bin64;d:\quartus\quartus\bin64\;d:\quartus\quartus\bin64\;C:\Program Files (x86)\Intel\iCLS Client\;C:\Program Files\Intel\iCLS Client\;C:\WINDOWS\system32;C:\WINDOWS;C:\WINDOWS\System32\Wbem;C:\WINDOWS\System32\WindowsPowerShell\v1.0\;C:\WINDOWS\System32\OpenSSH\;C:\Program Files\Microsoft SQL Server\Client SDK\ODBC\110\Tools\Binn\;C:\Program Files (x86)\Microsoft SQL Server\120\Tools\Binn\;C:\Program Files\Microsoft SQL Server\120\Tools\Binn\;C:\Program Files\Microsoft SQL Server\120\DTS\Binn\;C:\Program Files (x86)\Windows Kits\8.1\Windows Performance Toolkit\;D:\matlab\bin;C:\Users\Leo Hsieh\AppData\Local\Microsoft\WindowsApps;C:\Users\Leo Hsieh\AppData\Local\Programs\Microsoft VS Code\bin;D:\MSY\mingw64\bin;D:\quartus\modelsim_ase\win32aloem;
USERNAME=Leo Hsieh
OS=Windows_NT
PROCESSOR_IDENTIFIER=Intel64 Family 6 Model 142 Stepping 9, GenuineIntel



---------------  S Y S T E M  ---------------

OS: Windows 8.1 , 64 bit Build 9600 

CPU:total 4 (2 cores per cpu, 2 threads per core) family 6 model 142 stepping 9, cmov, cx8, fxsr, mmx, sse, sse2, sse3, ssse3, sse4.1, sse4.2, popcnt, avx, avx2, aes, clmul, erms, ht, tsc, tscinvbit

Memory: 4k page, physical 8250588k(2127732k free), swap 9561308k(10516k free)

vm_info: Java HotSpot(TM) 64-Bit Server VM (25.5-b02) for windows-amd64 JRE (1.8.0_05-b13), built on Mar 18 2014 01:08:39 by "java_re" with MS VC++ 10.0 (VS2010)

time: Tue Nov 16 14:22:33 2021
elapsed time: 1 seconds

